{"name": "test_lambda_two_input_fields[10-10-30]", "status": "failed", "statusDetails": {"message": "AssertionError: Actual & Expected Totals Do Not Match\nassert '20' == '30'\n  \n  - 30\n  + 20", "trace": "num1 = '10', num2 = '10', expected_total = '30'\n\n    @pytest.mark.parametrize(\"num1, num2, expected_total\",\n                             [\n                                 (\"25\", \"25\", \"50\"),\n                                 (\"10\", \"10\", \"30\"),\n                                 (\"30\", \"40\", \"70\")\n                             ])\n    def test_lambda_two_input_fields(num1, num2, expected_total):\n        driver = webdriver.Firefox()\n        driver.maximize_window()\n        driver.get(\"https://www.lambdatest.com/selenium-playground/simple-form-demo\")\n        driver.find_element(By.ID, \"sum1\").send_keys(num1)\n        driver.find_element(By.ID, \"sum2\").send_keys(num2)\n        driver.find_element(By.XPATH,\n                            \"//button[text()='Get Sum']\").click()\n        actual_total = driver.find_element(By.ID, \"addmessage\").text\n>       assert actual_total == expected_total, \\\n            \"Actual & Expected Totals Do Not Match\"\nE       AssertionError: Actual & Expected Totals Do Not Match\nE       assert '20' == '30'\nE         \nE         - 30\nE         + 20\n\nDemoPytest\\test_parameters.py:23: AssertionError"}, "parameters": [{"name": "num1", "value": "'10'"}, {"name": "num2", "value": "'10'"}, {"name": "expected_total", "value": "'30'"}], "start": 1715472670495, "stop": 1715472676587, "uuid": "9974ffd4-cd28-4f5c-bf0a-d796805955b1", "historyId": "f7ab697afdc0b6fe2f2c3b595b78aa15", "testCaseId": "2ced2bb14641b8387e3f7514a9610f0a", "fullName": "DemoPytest.test_parameters#test_lambda_two_input_fields", "labels": [{"name": "parentSuite", "value": "DemoPytest"}, {"name": "suite", "value": "test_parameters"}, {"name": "host", "value": "TeleeB"}, {"name": "thread", "value": "17276-MainThread"}, {"name": "framework", "value": "pytest"}, {"name": "language", "value": "cpython3"}, {"name": "package", "value": "DemoPytest.test_parameters"}]}